E:\程序\C语言\实验报告程序\KUOHAOPROGRAM\DEBUG\KUOHAOPROGRAM.EXE
E:\程序\C语言\实验报告程序\KUOHAOPROGRAM\DEBUG\KUOHAOPROGRAM.ILK
E:\程序\C语言\实验报告程序\KUOHAOPROGRAM\DEBUG\KUOHAOPROGRAM.PDB
E:\程序\C语言\实验报告程序\KUOHAOPROGRAM\KUOHAOPROGRAM\DEBUG\FIRST.OBJ
E:\程序\C语言\实验报告程序\KUOHAOPROGRAM\KUOHAOPROGRAM\DEBUG\KUOHAOPROGRAM.EXE.INTERMEDIATE.MANIFEST
E:\程序\C语言\实验报告程序\KUOHAOPROGRAM\KUOHAOPROGRAM\DEBUG\VC100.PDB
E:\程序\C语言\张梦瑶实验报告程序\KUOHAOPROGRAM\DEBUG\KUOHAOPROGRAM.EXE
E:\程序\C语言\张梦瑶实验报告程序\KuoHaoProgram\Debug\KuoHaoProgram.pdb
E:\程序\C语言\张梦瑶实验报告程序\KuoHaoProgram\KuoHaoProgram\Debug\cl.command.1.tlog
E:\程序\C语言\张梦瑶实验报告程序\KuoHaoProgram\KuoHaoProgram\Debug\CL.read.1.tlog
E:\程序\C语言\张梦瑶实验报告程序\KuoHaoProgram\KuoHaoProgram\Debug\CL.write.1.tlog
E:\程序\C语言\张梦瑶实验报告程序\KUOHAOPROGRAM\KUOHAOPROGRAM\DEBUG\FIRST.OBJ
E:\程序\C语言\张梦瑶实验报告程序\KuoHaoProgram\KuoHaoProgram\Debug\KuoHaoProgram.exe.intermediate.manifest
E:\程序\C语言\张梦瑶实验报告程序\KuoHaoProgram\KuoHaoProgram\Debug\KuoHaoProgram.vcxprojResolveAssemblyReference.cache
E:\程序\C语言\张梦瑶实验报告程序\KuoHaoProgram\KuoHaoProgram\Debug\KuoHaoProgram.write.1.tlog
E:\程序\C语言\张梦瑶实验报告程序\KuoHaoProgram\KuoHaoProgram\Debug\link.command.1.tlog
E:\程序\C语言\张梦瑶实验报告程序\KuoHaoProgram\KuoHaoProgram\Debug\link.read.1.tlog
E:\程序\C语言\张梦瑶实验报告程序\KuoHaoProgram\KuoHaoProgram\Debug\link.write.1.tlog
E:\程序\C语言\张梦瑶实验报告程序\KuoHaoProgram\KuoHaoProgram\Debug\mt.command.1.tlog
E:\程序\C语言\张梦瑶实验报告程序\KuoHaoProgram\KuoHaoProgram\Debug\mt.read.1.tlog
E:\程序\C语言\张梦瑶实验报告程序\KuoHaoProgram\KuoHaoProgram\Debug\mt.write.1.tlog
E:\程序\C语言\张梦瑶实验报告程序\KuoHaoProgram\KuoHaoProgram\Debug\vc100.idb
E:\程序\C语言\张梦瑶实验报告程序\KUOHAOPROGRAM\KUOHAOPROGRAM\DEBUG\VC100.PDB
