Build started 2017/2/8 13:55:54.
     1>Project "E:\Programing\C\DataStructExam\SortProgram\SortProgram\SortProgram.vcxproj" on node 2 (build target(s)).
     1>InitializeBuildStatus:
         Creating "Debug\SortProgram.unsuccessfulbuild" because "AlwaysCreate" was specified.
       ClCompile:
         D:\Program Files (x86)\Microsoft Visual Studio 10.0\VC\bin\CL.exe /c /ZI /nologo /W3 /WX- /Od /Oy- /D _MBCS /Gm /EHsc /RTC1 /MDd /GS /fp:precise /Zc:wchar_t /Zc:forScope /Fo"Debug\\" /Fd"Debug\vc100.pdb" /Gd /TP /analyze- /errorReport:prompt First.cpp
         First.cpp
     1>e:\programing\c\datastructexam\sortprogram\sortprogram\first.cpp(44): warning C4996: 'scanf': This function or variable may be unsafe. Consider using scanf_s instead. To disable deprecation, use _CRT_SECURE_NO_WARNINGS. See online help for details.
                 d:\program files (x86)\microsoft visual studio 10.0\vc\include\stdio.h(304) : see declaration of 'scanf'
     1>e:\programing\c\datastructexam\sortprogram\sortprogram\first.cpp(49): warning C4996: 'scanf': This function or variable may be unsafe. Consider using scanf_s instead. To disable deprecation, use _CRT_SECURE_NO_WARNINGS. See online help for details.
                 d:\program files (x86)\microsoft visual studio 10.0\vc\include\stdio.h(304) : see declaration of 'scanf'
       Link:
         D:\Program Files (x86)\Microsoft Visual Studio 10.0\VC\bin\link.exe /ERRORREPORT:PROMPT /OUT:"E:\Programing\C\DataStructExam\SortProgram\Debug\SortProgram.exe" /NOLOGO kernel32.lib user32.lib gdi32.lib winspool.lib comdlg32.lib advapi32.lib shell32.lib ole32.lib oleaut32.lib uuid.lib odbc32.lib odbccp32.lib /MANIFEST /ManifestFile:"Debug\SortProgram.exe.intermediate.manifest" /MANIFESTUAC:"level='asInvoker' uiAccess='false'" /DEBUG /PDB:"E:\Programing\C\DataStructExam\SortProgram\Debug\SortProgram.pdb" /TLBID:1 /DYNAMICBASE /NXCOMPAT /IMPLIB:"E:\Programing\C\DataStructExam\SortProgram\Debug\SortProgram.lib" /MACHINE:X86 Debug\First.obj
         SortProgram.vcxproj -> E:\Programing\C\DataStructExam\SortProgram\Debug\SortProgram.exe
       Manifest:
         C:\Program Files (x86)\Microsoft SDKs\Windows\v7.0A\bin\mt.exe /nologo /verbose /outputresource:"E:\Programing\C\DataStructExam\SortProgram\Debug\SortProgram.exe;#1" /manifest Debug\SortProgram.exe.intermediate.manifest
       FinalizeBuildStatus:
         Deleting file "Debug\SortProgram.unsuccessfulbuild".
         Touching "Debug\SortProgram.lastbuildstate".
     1>Done Building Project "E:\Programing\C\DataStructExam\SortProgram\SortProgram\SortProgram.vcxproj" (build target(s)).

Build succeeded.

Time Elapsed 00:00:02.74
