生成启动时间为 2016-02-10 23:31:29。
     1>项目“E:\程序\C语言\DataStructProgram\DataStructProgram\DataStructProgram.vcxproj”在节点 2 上(build 个目标)。
     1>PrepareForBuild:
         正在创建目录“E:\程序\C语言\DataStructProgram\Debug\”。
       InitializeBuildStatus:
         正在创建“Debug\DataStructProgram.unsuccessfulbuild”，因为已指定“AlwaysCreate”。
       ClCompile:
         C:\Program Files (x86)\Microsoft Visual Studio 10.0\VC\bin\CL.exe /c /ZI /nologo /W3 /WX- /Od /Oy- /D _MBCS /Gm /EHsc /RTC1 /MDd /GS /fp:precise /Zc:wchar_t /Zc:forScope /Fo"Debug\\" /Fd"Debug\vc100.pdb" /Gd /TP /analyze- /errorReport:prompt First.cpp
         First.cpp
     1>e:\程序\c语言\datastructprogram\datastructprogram\first.cpp(180): warning C4018: “<”: 有符号/无符号不匹配
     1>e:\程序\c语言\datastructprogram\datastructprogram\first.cpp(183): warning C4554: “|”: 检查运算符优先级可能存在的错误；使用圆括号阐明优先级
     1>e:\程序\c语言\datastructprogram\datastructprogram\first.cpp(183): warning C4554: “|”: 检查运算符优先级可能存在的错误；使用圆括号阐明优先级
     1>e:\程序\c语言\datastructprogram\datastructprogram\first.cpp(288): warning C4717: “test”: 如递归所有控件路径，函数将导致运行时堆栈溢出
       Link:
         C:\Program Files (x86)\Microsoft Visual Studio 10.0\VC\bin\link.exe /ERRORREPORT:PROMPT /OUT:"E:\程序\C语言\DataStructProgram\Debug\DataStructProgram.exe" /NOLOGO kernel32.lib user32.lib gdi32.lib winspool.lib comdlg32.lib advapi32.lib shell32.lib ole32.lib oleaut32.lib uuid.lib odbc32.lib odbccp32.lib /MANIFEST /ManifestFile:"Debug\DataStructProgram.exe.intermediate.manifest" /MANIFESTUAC:"level='asInvoker' uiAccess='false'" /DEBUG /PDB:"E:\程序\C语言\DataStructProgram\Debug\DataStructProgram.pdb" /TLBID:1 /DYNAMICBASE /NXCOMPAT /IMPLIB:"E:\程序\C语言\DataStructProgram\Debug\DataStructProgram.lib" /MACHINE:X86 Debug\First.obj
         DataStructProgram.vcxproj -> E:\程序\C语言\DataStructProgram\Debug\DataStructProgram.exe
       Manifest:
         C:\Program Files (x86)\Microsoft SDKs\Windows\v7.0A\bin\mt.exe /nologo /verbose /outputresource:"E:\程序\C语言\DataStructProgram\Debug\DataStructProgram.exe;#1" /manifest Debug\DataStructProgram.exe.intermediate.manifest
       FinalizeBuildStatus:
         正在删除文件“Debug\DataStructProgram.unsuccessfulbuild”。
         正在对“Debug\DataStructProgram.lastbuildstate”执行 Touch 任务。
     1>已完成生成项目“E:\程序\C语言\DataStructProgram\DataStructProgram\DataStructProgram.vcxproj”(build 个目标)的操作。

生成成功。

已用时间 00:00:07.69
